<?xml version="1.0" encoding="UTF-8"?>
<!-- Generated by org.testng.reporters.JUnitReportReporter -->
<testsuite hostname="DESKTOP-T1H5H3C" failures="0" tests="1" name="testCases.SingleTestMethod" time="8.143" errors="0" timestamp="2024-04-14T16:30:52 IST" skipped="0">
  <testcase classname="testCases.SingleTestMethod" name="accessForgotPasswordScreen" time="8.143"/>
</testsuite> <!-- testCases.SingleTestMethod -->
