<?xml version="1.0" encoding="UTF-8"?>
<!-- Generated by org.testng.reporters.JUnitReportReporter -->
<testsuite hostname="DESKTOP-T1H5H3C" failures="0" tests="3" name="testCases.SingleTestMethodTwo" time="39.285" errors="0" timestamp="2024-04-14T18:28:02 IST" skipped="0">
  <testcase classname="testCases.SingleTestMethodTwo" name="loginwithValidandInvalidCredentials" time="15.267"/>
  <testcase classname="testCases.SingleTestMethodTwo" name="loginwithValidandInvalidCredentials" time="9.559"/>
  <testcase classname="testCases.SingleTestMethodTwo" name="loginwithValidandInvalidCredentials" time="14.459"/>
</testsuite> <!-- testCases.SingleTestMethodTwo -->
