<?xml version="1.0" encoding="UTF-8"?>
<!-- Generated by org.testng.reporters.JUnitReportReporter -->
<testsuite hostname="DESKTOP-T1H5H3C" failures="0" tests="3" name="testCases.SingleMethodTwoTest" time="51.981" errors="0" timestamp="2024-04-16T13:45:47 IST" skipped="0">
  <testcase classname="testCases.SingleMethodTwoTest" name="loginwithValidandInvalidCredentials" time="23.438"/>
  <testcase classname="testCases.SingleMethodTwoTest" name="loginwithValidandInvalidCredentials" time="12.946"/>
  <testcase classname="testCases.SingleMethodTwoTest" name="loginwithValidandInvalidCredentials" time="15.597"/>
</testsuite> <!-- testCases.SingleMethodTwoTest -->
