<?xml version="1.0" encoding="UTF-8"?>
<!-- Generated by org.testng.reporters.JUnitReportReporter -->
<testsuite hostname="DESKTOP-T1H5H3C" failures="0" tests="6" name="testCases.LoginTest" time="76.189" errors="0" timestamp="2024-04-16T13:45:47 IST" skipped="0">
  <testcase classname="testCases.LoginTest" name="loginwithValidandInvalidCredentials" time="12.207"/>
  <testcase classname="testCases.LoginTest" name="loginwithValidandInvalidCredentials" time="17.005"/>
  <testcase classname="testCases.LoginTest" name="loginwithValidandInvalidCredentials" time="16.449"/>
  <testcase classname="testCases.LoginTest" name="validateIncorrectUserName" time="8.225"/>
  <testcase classname="testCases.LoginTest" name="validateIncorrectUserName" time="14.580"/>
  <testcase classname="testCases.LoginTest" name="accessForgotPasswordScreen" time="7.723"/>
</testsuite> <!-- testCases.LoginTest -->
