<?xml version="1.0" encoding="UTF-8"?>
<!-- Generated by org.testng.reporters.JUnitReportReporter -->
<testsuite hostname="DESKTOP-T1H5H3C" failures="0" tests="3" name="testCases.TwoTest" time="0.020" errors="0" timestamp="2024-04-16T13:45:47 IST" skipped="0">
  <testcase classname="testCases.TwoTest" name="methodTwoTest3" time="0.001"/>
  <testcase classname="testCases.TwoTest" name="methodTwoTest2" time="0.005"/>
  <testcase classname="testCases.TwoTest" name="methodTwoTest1" time="0.014"/>
</testsuite> <!-- testCases.TwoTest -->
