<?xml version="1.0" encoding="UTF-8"?>
<!-- Generated by org.testng.reporters.JUnitReportReporter -->
<testsuite hostname="DESKTOP-T1H5H3C" failures="0" tests="3" name="testCases.OneTest" time="0.017" errors="0" timestamp="2024-04-16T13:45:47 IST" skipped="0">
  <testcase classname="testCases.OneTest" name="methodOneTest2" time="0.002"/>
  <testcase classname="testCases.OneTest" name="methodOneTest3" time="0.002"/>
  <testcase classname="testCases.OneTest" name="methodOneTest1" time="0.013"/>
</testsuite> <!-- testCases.OneTest -->
