<?xml version="1.0" encoding="UTF-8"?>
<!-- Generated by org.testng.reporters.JUnitReportReporter -->
<testsuite hostname="DESKTOP-T1H5H3C" failures="0" tests="3" name="testCases.FourTest" time="0.009" errors="0" timestamp="2024-04-16T14:41:20 IST" skipped="0">
  <testcase classname="testCases.FourTest" name="methodFourTest1" time="0.007"/>
  <testcase classname="testCases.FourTest" name="methodFourTest3" time="0.001"/>
  <testcase classname="testCases.FourTest" name="methodFourTest2" time="0.001"/>
</testsuite> <!-- testCases.FourTest -->
