<?xml version="1.0" encoding="UTF-8"?>
<!-- Generated by org.testng.reporters.JUnitReportReporter -->
<testsuite hostname="DESKTOP-T1H5H3C" failures="0" tests="1" name="testCases.SingleTestMethod" time="7.596" errors="0" timestamp="2024-04-14T19:28:35 IST" skipped="0">
  <testcase classname="testCases.SingleTestMethod" name="accessForgotPasswordScreen" time="7.596"/>
</testsuite> <!-- testCases.SingleTestMethod -->
