<?xml version="1.0" encoding="UTF-8"?>
<!-- Generated by org.testng.reporters.JUnitReportReporter -->
<testsuite hostname="DESKTOP-T1H5H3C" failures="0" tests="3" name="testCases.SingleMethodTwoTest" time="50.703" errors="0" timestamp="2024-04-16T14:41:20 IST" skipped="0">
  <testcase classname="testCases.SingleMethodTwoTest" name="loginwithValidandInvalidCredentials" time="13.338"/>
  <testcase classname="testCases.SingleMethodTwoTest" name="loginwithValidandInvalidCredentials" time="15.518"/>
  <testcase classname="testCases.SingleMethodTwoTest" name="loginwithValidandInvalidCredentials" time="21.847"/>
</testsuite> <!-- testCases.SingleMethodTwoTest -->
