<?xml version="1.0" encoding="UTF-8"?>
<!-- Generated by org.testng.reporters.JUnitReportReporter -->
<testsuite hostname="DESKTOP-T1H5H3C" failures="0" tests="3" name="testCases.SingleTestMethodTwo" time="39.044" errors="0" timestamp="2024-04-14T19:28:35 IST" skipped="0">
  <testcase classname="testCases.SingleTestMethodTwo" name="loginwithValidandInvalidCredentials" time="14.510"/>
  <testcase classname="testCases.SingleTestMethodTwo" name="loginwithValidandInvalidCredentials" time="14.935"/>
  <testcase classname="testCases.SingleTestMethodTwo" name="loginwithValidandInvalidCredentials" time="9.599"/>
</testsuite> <!-- testCases.SingleTestMethodTwo -->
