<?xml version="1.0" encoding="UTF-8"?>
<!-- Generated by org.testng.reporters.JUnitReportReporter -->
<testsuite hostname="DESKTOP-T1H5H3C" failures="0" tests="3" name="testCases.ThreeTest" time="0.008" errors="0" timestamp="2024-04-16T14:41:20 IST" skipped="0">
  <testcase classname="testCases.ThreeTest" name="methodThreeTest3" time="0.001"/>
  <testcase classname="testCases.ThreeTest" name="methodThreeTest1" time="0.006"/>
  <testcase classname="testCases.ThreeTest" name="methodThreeTest2" time="0.001"/>
</testsuite> <!-- testCases.ThreeTest -->
