<?xml version="1.0" encoding="UTF-8"?>
<!-- Generated by org.testng.reporters.JUnitReportReporter -->
<testsuite hostname="DESKTOP-T1H5H3C" failures="0" tests="6" name="testCases.LoginTest" time="70.340" errors="0" timestamp="2024-04-16T14:41:20 IST" skipped="0">
  <testcase classname="testCases.LoginTest" name="loginwithValidandInvalidCredentials" time="13.194"/>
  <testcase classname="testCases.LoginTest" name="loginwithValidandInvalidCredentials" time="19.318"/>
  <testcase classname="testCases.LoginTest" name="loginwithValidandInvalidCredentials" time="9.316"/>
  <testcase classname="testCases.LoginTest" name="validateIncorrectUserName" time="7.477"/>
  <testcase classname="testCases.LoginTest" name="validateIncorrectUserName" time="7.741"/>
  <testcase classname="testCases.LoginTest" name="accessForgotPasswordScreen" time="13.294"/>
</testsuite> <!-- testCases.LoginTest -->
